\BOOKMARK [0][-]{chapter.1}{Introduction}{}% 1
\BOOKMARK [0][-]{chapter.2}{State of the Art}{}% 2
\BOOKMARK [1][-]{section.2.1}{Standard Model}{chapter.2}% 3
\BOOKMARK [2][-]{subsection.2.1.1}{Higgs Mechanism}{section.2.1}% 4
\BOOKMARK [1][-]{section.2.2}{Neutrinos in the Standard Model}{chapter.2}% 5
\BOOKMARK [2][-]{subsection.2.2.1}{Dirac Mass}{section.2.2}% 6
\BOOKMARK [2][-]{subsection.2.2.2}{Majorana Mass}{section.2.2}% 7
\BOOKMARK [1][-]{section.2.3}{Seesaw Mechanism}{chapter.2}% 8
\BOOKMARK [0][-]{chapter.3}{Important Concepts and Variable Definitions}{}% 9
\BOOKMARK [1][-]{section.3.1}{Jets}{chapter.3}% 10
\BOOKMARK [1][-]{section.3.2}{Cross Section}{chapter.3}% 11
\BOOKMARK [1][-]{section.3.3}{Coordinate System of CMS and ATLAS detector at the LCH}{chapter.3}% 12
\BOOKMARK [1][-]{section.3.4}{Pseudorapidity}{chapter.3}% 13
\BOOKMARK [1][-]{section.3.5}{Minimal Separation Distance Between Particles}{chapter.3}% 14
\BOOKMARK [1][-]{section.3.6}{Detector CMS and ATLAS}{chapter.3}% 15
\BOOKMARK [1][-]{section.3.7}{MET}{chapter.3}% 16
\BOOKMARK [1][-]{section.3.8}{Impact Parameter}{chapter.3}% 17
\BOOKMARK [0][-]{chapter.4}{Model and backgrounds}{}% 18
\BOOKMARK [1][-]{section.4.1}{Signal of Interest}{chapter.4}% 19
\BOOKMARK [1][-]{section.4.2}{Backgrounds}{chapter.4}% 20
\BOOKMARK [2][-]{subsection.4.2.1}{W + Jets Background}{section.4.2}% 21
\BOOKMARK [2][-]{subsection.4.2.2}{Drell Yan + Jets Background}{section.4.2}% 22
\BOOKMARK [2][-]{subsection.4.2.3}{t \040Background}{section.4.2}% 23
\BOOKMARK [0][-]{chapter.5}{Methodology}{}% 24
\BOOKMARK [1][-]{section.5.1}{MadGraph}{chapter.5}% 25
\BOOKMARK [1][-]{section.5.2}{Pythia}{chapter.5}% 26
\BOOKMARK [1][-]{section.5.3}{Delphes}{chapter.5}% 27
\BOOKMARK [1][-]{section.5.4}{ROOT}{chapter.5}% 28
\BOOKMARK [0][-]{chapter.6}{Analysis}{}% 29
\BOOKMARK [0][-]{chapter.7}{Event Selection Criteria}{}% 30
\BOOKMARK [0][-]{chapter.8}{Conclusions}{}% 31
\BOOKMARK [0][-]{Appendix.a.A}{Appendix Neutrinos and Seesaw Mechanism}{}% 32
\BOOKMARK [1][-]{subsection.a.A.0.1}{Dirac Mass}{Appendix.a.A}% 33
\BOOKMARK [2][-]{subsection.a.A.0.2}{Majorana Mass}{subsection.a.A.0.1}% 34
