This is pdfTeX, Version 3.1415926-2.5-1.40.14 (TeX Live 2013/TeX Live for SUSE Linux) (format=pdflatex 2014.5.29)  17 MAY 2017 19:36
entering extended mode
 restricted \write18 enabled.
 %&-line parsing enabled.
**main.tex
(./main.tex
LaTeX2e <2011/06/27>
Babel <3.9f> and hyphenation patterns for 78 languages loaded.
(/usr/share/texmf/tex/latex/base/book.cls
Document Class: book 2007/10/19 v1.4h Standard LaTeX document class
(/usr/share/texmf/tex/latex/base/bk11.clo
File: bk11.clo 2007/10/19 v1.4h Standard LaTeX file (size option)
)
\c@part=\count79
\c@chapter=\count80
\c@section=\count81
\c@subsection=\count82
\c@subsubsection=\count83
\c@paragraph=\count84
\c@subparagraph=\count85
\c@figure=\count86
\c@table=\count87
\abovecaptionskip=\skip41
\belowcaptionskip=\skip42
\bibindent=\dimen102
)
(/usr/share/texmf/tex/latex/geometry/geometry.sty
Package: geometry 2010/09/12 v5.6 Page Geometry

(/usr/share/texmf/tex/latex/graphics/keyval.sty
Package: keyval 1999/03/16 v1.13 key=value parser (DPC)
\KV@toks@=\toks14
)
(/usr/share/texmf/tex/generic/oberdiek/ifpdf.sty
Package: ifpdf 2011/01/30 v2.3 Provides the ifpdf switch (HO)
Package ifpdf Info: pdfTeX in PDF mode is detected.
)
(/usr/share/texmf/tex/generic/oberdiek/ifvtex.sty
Package: ifvtex 2010/03/01 v1.5 Detect VTeX and its facilities (HO)
Package ifvtex Info: VTeX not detected.
)
(/usr/share/texmf/tex/generic/ifxetex/ifxetex.sty
Package: ifxetex 2010/09/12 v0.6 Provides ifxetex conditional
)
\Gm@cnth=\count88
\Gm@cntv=\count89
\c@Gm@tempcnt=\count90
\Gm@bindingoffset=\dimen103
\Gm@wd@mp=\dimen104
\Gm@odd@mp=\dimen105
\Gm@even@mp=\dimen106
\Gm@layoutwidth=\dimen107
\Gm@layoutheight=\dimen108
\Gm@layouthoffset=\dimen109
\Gm@layoutvoffset=\dimen110
\Gm@dimlist=\toks15
)
(/usr/share/texmf/tex/latex/amsfonts/amssymb.sty
Package: amssymb 2013/01/14 v3.01 AMS font symbols

(/usr/share/texmf/tex/latex/amsfonts/amsfonts.sty
Package: amsfonts 2013/01/14 v3.01 Basic AMSFonts support
\@emptytoks=\toks16
\symAMSa=\mathgroup4
\symAMSb=\mathgroup5
LaTeX Font Info:    Overwriting math alphabet `\mathfrak' in version `bold'
(Font)                  U/euf/m/n --> U/euf/b/n on input line 106.
))
(/usr/share/texmf/tex/latex/amsmath/amsmath.sty
Package: amsmath 2013/01/14 v2.14 AMS math features
\@mathmargin=\skip43

For additional information on amsmath, use the `?' option.
(/usr/share/texmf/tex/latex/amsmath/amstext.sty
Package: amstext 2000/06/29 v2.01

(/usr/share/texmf/tex/latex/amsmath/amsgen.sty
File: amsgen.sty 1999/11/30 v2.0
\@emptytoks=\toks17
\ex@=\dimen111
))
(/usr/share/texmf/tex/latex/amsmath/amsbsy.sty
Package: amsbsy 1999/11/29 v1.2d
\pmbraise@=\dimen112
)
(/usr/share/texmf/tex/latex/amsmath/amsopn.sty
Package: amsopn 1999/12/14 v2.01 operator names
)
\inf@bad=\count91
LaTeX Info: Redefining \frac on input line 210.
\uproot@=\count92
\leftroot@=\count93
LaTeX Info: Redefining \overline on input line 306.
\classnum@=\count94
\DOTSCASE@=\count95
LaTeX Info: Redefining \ldots on input line 378.
LaTeX Info: Redefining \dots on input line 381.
LaTeX Info: Redefining \cdots on input line 466.
\Mathstrutbox@=\box26
\strutbox@=\box27
\big@size=\dimen113
LaTeX Font Info:    Redeclaring font encoding OML on input line 566.
LaTeX Font Info:    Redeclaring font encoding OMS on input line 567.
\macc@depth=\count96
\c@MaxMatrixCols=\count97
\dotsspace@=\muskip10
\c@parentequation=\count98
\dspbrk@lvl=\count99
\tag@help=\toks18
\row@=\count100
\column@=\count101
\maxfields@=\count102
\andhelp@=\toks19
\eqnshift@=\dimen114
\alignsep@=\dimen115
\tagshift@=\dimen116
\tagwidth@=\dimen117
\totwidth@=\dimen118
\lineht@=\dimen119
\@envbody=\toks20
\multlinegap=\skip44
\multlinetaggap=\skip45
\mathdisplay@stack=\toks21
LaTeX Info: Redefining \[ on input line 2665.
LaTeX Info: Redefining \] on input line 2666.
)
(/usr/share/texmf/tex/latex/amscls/amsthm.sty
Package: amsthm 2004/08/06 v2.20
\thm@style=\toks22
\thm@bodyfont=\toks23
\thm@headfont=\toks24
\thm@notefont=\toks25
\thm@headpunct=\toks26
\thm@preskip=\skip46
\thm@postskip=\skip47
\thm@headsep=\skip48
\dth@everypar=\toks27
)
(/usr/share/texmf/tex/generic/babel/babel.sty
Package: babel 2013/05/16 v3.9f The Babel package

(/usr/share/texmf/tex/generic/babel-english/english.ldf
Language: english 2012/08/20 v3.3p English support from the babel system

(/usr/share/texmf/tex/generic/babel/babel.def
File: babel.def 2013/05/16 v3.9f Babel common definitions
\babel@savecnt=\count103
\U@D=\dimen120
)
\l@canadian = a dialect from \language\l@american 
\l@australian = a dialect from \language\l@british 
\l@newzealand = a dialect from \language\l@british 
))
(/usr/share/texmf/tex/latex/base/inputenc.sty
Package: inputenc 2008/03/30 v1.1d Input encoding file
\inpenc@prehook=\toks28
\inpenc@posthook=\toks29

(/usr/share/texmf/tex/latex/base/utf8.def
File: utf8.def 2008/04/05 v1.1m UTF-8 support for inputenc
Now handling font encoding OML ...
... no UTF-8 mapping file for font encoding OML
Now handling font encoding T1 ...
... processing UTF-8 mapping file for font encoding T1

(/usr/share/texmf/tex/latex/base/t1enc.dfu
File: t1enc.dfu 2008/04/05 v1.1m UTF-8 support for inputenc
   defining Unicode char U+00A1 (decimal 161)
   defining Unicode char U+00A3 (decimal 163)
   defining Unicode char U+00AB (decimal 171)
   defining Unicode char U+00BB (decimal 187)
   defining Unicode char U+00BF (decimal 191)
   defining Unicode char U+00C0 (decimal 192)
   defining Unicode char U+00C1 (decimal 193)
   defining Unicode char U+00C2 (decimal 194)
   defining Unicode char U+00C3 (decimal 195)
   defining Unicode char U+00C4 (decimal 196)
   defining Unicode char U+00C5 (decimal 197)
   defining Unicode char U+00C6 (decimal 198)
   defining Unicode char U+00C7 (decimal 199)
   defining Unicode char U+00C8 (decimal 200)
   defining Unicode char U+00C9 (decimal 201)
   defining Unicode char U+00CA (decimal 202)
   defining Unicode char U+00CB (decimal 203)
   defining Unicode char U+00CC (decimal 204)
   defining Unicode char U+00CD (decimal 205)
   defining Unicode char U+00CE (decimal 206)
   defining Unicode char U+00CF (decimal 207)
   defining Unicode char U+00D0 (decimal 208)
   defining Unicode char U+00D1 (decimal 209)
   defining Unicode char U+00D2 (decimal 210)
   defining Unicode char U+00D3 (decimal 211)
   defining Unicode char U+00D4 (decimal 212)
   defining Unicode char U+00D5 (decimal 213)
   defining Unicode char U+00D6 (decimal 214)
   defining Unicode char U+00D8 (decimal 216)
   defining Unicode char U+00D9 (decimal 217)
   defining Unicode char U+00DA (decimal 218)
   defining Unicode char U+00DB (decimal 219)
   defining Unicode char U+00DC (decimal 220)
   defining Unicode char U+00DD (decimal 221)
   defining Unicode char U+00DE (decimal 222)
   defining Unicode char U+00DF (decimal 223)
   defining Unicode char U+00E0 (decimal 224)
   defining Unicode char U+00E1 (decimal 225)
   defining Unicode char U+00E2 (decimal 226)
   defining Unicode char U+00E3 (decimal 227)
   defining Unicode char U+00E4 (decimal 228)
   defining Unicode char U+00E5 (decimal 229)
   defining Unicode char U+00E6 (decimal 230)
   defining Unicode char U+00E7 (decimal 231)
   defining Unicode char U+00E8 (decimal 232)
   defining Unicode char U+00E9 (decimal 233)
   defining Unicode char U+00EA (decimal 234)
   defining Unicode char U+00EB (decimal 235)
   defining Unicode char U+00EC (decimal 236)
   defining Unicode char U+00ED (decimal 237)
   defining Unicode char U+00EE (decimal 238)
   defining Unicode char U+00EF (decimal 239)
   defining Unicode char U+00F0 (decimal 240)
   defining Unicode char U+00F1 (decimal 241)
   defining Unicode char U+00F2 (decimal 242)
   defining Unicode char U+00F3 (decimal 243)
   defining Unicode char U+00F4 (decimal 244)
   defining Unicode char U+00F5 (decimal 245)
   defining Unicode char U+00F6 (decimal 246)
   defining Unicode char U+00F8 (decimal 248)
   defining Unicode char U+00F9 (decimal 249)
   defining Unicode char U+00FA (decimal 250)
   defining Unicode char U+00FB (decimal 251)
   defining Unicode char U+00FC (decimal 252)
   defining Unicode char U+00FD (decimal 253)
   defining Unicode char U+00FE (decimal 254)
   defining Unicode char U+00FF (decimal 255)
   defining Unicode char U+0102 (decimal 258)
   defining Unicode char U+0103 (decimal 259)
   defining Unicode char U+0104 (decimal 260)
   defining Unicode char U+0105 (decimal 261)
   defining Unicode char U+0106 (decimal 262)
   defining Unicode char U+0107 (decimal 263)
   defining Unicode char U+010C (decimal 268)
   defining Unicode char U+010D (decimal 269)
   defining Unicode char U+010E (decimal 270)
   defining Unicode char U+010F (decimal 271)
   defining Unicode char U+0110 (decimal 272)
   defining Unicode char U+0111 (decimal 273)
   defining Unicode char U+0118 (decimal 280)
   defining Unicode char U+0119 (decimal 281)
   defining Unicode char U+011A (decimal 282)
   defining Unicode char U+011B (decimal 283)
   defining Unicode char U+011E (decimal 286)
   defining Unicode char U+011F (decimal 287)
   defining Unicode char U+0130 (decimal 304)
   defining Unicode char U+0131 (decimal 305)
   defining Unicode char U+0132 (decimal 306)
   defining Unicode char U+0133 (decimal 307)
   defining Unicode char U+0139 (decimal 313)
   defining Unicode char U+013A (decimal 314)
   defining Unicode char U+013D (decimal 317)
   defining Unicode char U+013E (decimal 318)
   defining Unicode char U+0141 (decimal 321)
   defining Unicode char U+0142 (decimal 322)
   defining Unicode char U+0143 (decimal 323)
   defining Unicode char U+0144 (decimal 324)
   defining Unicode char U+0147 (decimal 327)
   defining Unicode char U+0148 (decimal 328)
   defining Unicode char U+014A (decimal 330)
   defining Unicode char U+014B (decimal 331)
   defining Unicode char U+0150 (decimal 336)
   defining Unicode char U+0151 (decimal 337)
   defining Unicode char U+0152 (decimal 338)
   defining Unicode char U+0153 (decimal 339)
   defining Unicode char U+0154 (decimal 340)
   defining Unicode char U+0155 (decimal 341)
   defining Unicode char U+0158 (decimal 344)
   defining Unicode char U+0159 (decimal 345)
   defining Unicode char U+015A (decimal 346)
   defining Unicode char U+015B (decimal 347)
   defining Unicode char U+015E (decimal 350)
   defining Unicode char U+015F (decimal 351)
   defining Unicode char U+0160 (decimal 352)
   defining Unicode char U+0161 (decimal 353)
   defining Unicode char U+0162 (decimal 354)
   defining Unicode char U+0163 (decimal 355)
   defining Unicode char U+0164 (decimal 356)
   defining Unicode char U+0165 (decimal 357)
   defining Unicode char U+016E (decimal 366)
   defining Unicode char U+016F (decimal 367)
   defining Unicode char U+0170 (decimal 368)
   defining Unicode char U+0171 (decimal 369)
   defining Unicode char U+0178 (decimal 376)
   defining Unicode char U+0179 (decimal 377)
   defining Unicode char U+017A (decimal 378)
   defining Unicode char U+017B (decimal 379)
   defining Unicode char U+017C (decimal 380)
   defining Unicode char U+017D (decimal 381)
   defining Unicode char U+017E (decimal 382)
   defining Unicode char U+200C (decimal 8204)
   defining Unicode char U+2013 (decimal 8211)
   defining Unicode char U+2014 (decimal 8212)
   defining Unicode char U+2018 (decimal 8216)
   defining Unicode char U+2019 (decimal 8217)
   defining Unicode char U+201A (decimal 8218)
   defining Unicode char U+201C (decimal 8220)
   defining Unicode char U+201D (decimal 8221)
   defining Unicode char U+201E (decimal 8222)
   defining Unicode char U+2030 (decimal 8240)
   defining Unicode char U+2031 (decimal 8241)
   defining Unicode char U+2039 (decimal 8249)
   defining Unicode char U+203A (decimal 8250)
   defining Unicode char U+2423 (decimal 9251)
)
Now handling font encoding OT1 ...
... processing UTF-8 mapping file for font encoding OT1

(/usr/share/texmf/tex/latex/base/ot1enc.dfu
File: ot1enc.dfu 2008/04/05 v1.1m UTF-8 support for inputenc
   defining Unicode char U+00A1 (decimal 161)
   defining Unicode char U+00A3 (decimal 163)
   defining Unicode char U+00B8 (decimal 184)
   defining Unicode char U+00BF (decimal 191)
   defining Unicode char U+00C5 (decimal 197)
   defining Unicode char U+00C6 (decimal 198)
   defining Unicode char U+00D8 (decimal 216)
   defining Unicode char U+00DF (decimal 223)
   defining Unicode char U+00E6 (decimal 230)
   defining Unicode char U+00EC (decimal 236)
   defining Unicode char U+00ED (decimal 237)
   defining Unicode char U+00EE (decimal 238)
   defining Unicode char U+00EF (decimal 239)
   defining Unicode char U+00F8 (decimal 248)
   defining Unicode char U+0131 (decimal 305)
   defining Unicode char U+0141 (decimal 321)
   defining Unicode char U+0142 (decimal 322)
   defining Unicode char U+0152 (decimal 338)
   defining Unicode char U+0153 (decimal 339)
   defining Unicode char U+2013 (decimal 8211)
   defining Unicode char U+2014 (decimal 8212)
   defining Unicode char U+2018 (decimal 8216)
   defining Unicode char U+2019 (decimal 8217)
   defining Unicode char U+201C (decimal 8220)
   defining Unicode char U+201D (decimal 8221)
)
Now handling font encoding OMS ...
... processing UTF-8 mapping file for font encoding OMS

(/usr/share/texmf/tex/latex/base/omsenc.dfu
File: omsenc.dfu 2008/04/05 v1.1m UTF-8 support for inputenc
   defining Unicode char U+00A7 (decimal 167)
   defining Unicode char U+00B6 (decimal 182)
   defining Unicode char U+00B7 (decimal 183)
   defining Unicode char U+2020 (decimal 8224)
   defining Unicode char U+2021 (decimal 8225)
   defining Unicode char U+2022 (decimal 8226)
)
Now handling font encoding OMX ...
... no UTF-8 mapping file for font encoding OMX
Now handling font encoding U ...
... no UTF-8 mapping file for font encoding U
   defining Unicode char U+00A9 (decimal 169)
   defining Unicode char U+00AA (decimal 170)
   defining Unicode char U+00AE (decimal 174)
   defining Unicode char U+00BA (decimal 186)
   defining Unicode char U+02C6 (decimal 710)
   defining Unicode char U+02DC (decimal 732)
   defining Unicode char U+200C (decimal 8204)
   defining Unicode char U+2026 (decimal 8230)
   defining Unicode char U+2122 (decimal 8482)
   defining Unicode char U+2423 (decimal 9251)
))
(/usr/share/texmf/tex/latex/tools/enumerate.sty
Package: enumerate 1999/03/05 v3.00 enumerate extensions (DPC)
\@enLab=\toks30
)
(/usr/share/texmf/tex/latex/graphics/graphicx.sty
Package: graphicx 1999/02/16 v1.0f Enhanced LaTeX Graphics (DPC,SPQR)

(/usr/share/texmf/tex/latex/graphics/graphics.sty
Package: graphics 2009/02/05 v1.0o Standard LaTeX Graphics (DPC,SPQR)

(/usr/share/texmf/tex/latex/graphics/trig.sty
Package: trig 1999/03/16 v1.09 sin cos tan (DPC)
)
(/usr/share/texmf/tex/latex/latexconfig/graphics.cfg
File: graphics.cfg 2010/04/23 v1.9 graphics configuration of TeX Live
)
Package graphics Info: Driver file: pdftex.def on input line 91.

(/usr/share/texmf/tex/latex/pdftex-def/pdftex.def
File: pdftex.def 2011/05/27 v0.06d Graphics/color for pdfTeX

(/usr/share/texmf/tex/generic/oberdiek/infwarerr.sty
Package: infwarerr 2010/04/08 v1.3 Providing info/warning/error messages (HO)
)
(/usr/share/texmf/tex/generic/oberdiek/ltxcmds.sty
Package: ltxcmds 2011/11/09 v1.22 LaTeX kernel commands for general use (HO)
)
\Gread@gobject=\count104
))
\Gin@req@height=\dimen121
\Gin@req@width=\dimen122
)
(/usr/share/texmf/tex/latex/appendix/appendix.sty
Package: appendix 2009/09/02 v1.2b extra appendix facilities
\c@@pps=\count105
\c@@ppsavesec=\count106
\c@@ppsaveapp=\count107
)
(/usr/share/texmf/tex/latex/mh/mathtools.sty
Package: mathtools 2013/02/12 v1.13 mathematical typesetting tools

(/usr/share/texmf/tex/latex/tools/calc.sty
Package: calc 2007/08/22 v4.3 Infix arithmetic (KKT,FJ)
\calc@Acount=\count108
\calc@Bcount=\count109
\calc@Adimen=\dimen123
\calc@Bdimen=\dimen124
\calc@Askip=\skip49
\calc@Bskip=\skip50
LaTeX Info: Redefining \setlength on input line 76.
LaTeX Info: Redefining \addtolength on input line 77.
\calc@Ccount=\count110
\calc@Cskip=\skip51
)
(/usr/share/texmf/tex/latex/mh/mhsetup.sty
Package: mhsetup 2010/01/21 v1.2a programming setup (MH)
)
LaTeX Info: Thecontrolsequence`\['isalreadyrobust on input line 129.
LaTeX Info: Thecontrolsequence`\]'isalreadyrobust on input line 129.
\g_MT_multlinerow_int=\count111
\l_MT_multwidth_dim=\dimen125
\origjot=\skip52
\l_MT_shortvdotswithinadjustabove_dim=\dimen126
\l_MT_shortvdotswithinadjustbelow_dim=\dimen127
\l_MT_above_intertext_sep=\dimen128
\l_MT_below_intertext_sep=\dimen129
\l_MT_above_shortintertext_sep=\dimen130
\l_MT_below_shortintertext_sep=\dimen131
)
(/usr/share/texmf/tex/latex/caption/caption.sty
Package: caption 2013/05/02 v3.3-89 Customizing captions (AR)

(/usr/share/texmf/tex/latex/caption/caption3.sty
Package: caption3 2013/05/02 v1.6-88 caption3 kernel (AR)
Package caption3 Info: TeX engine: e-TeX on input line 57.
\captionmargin=\dimen132
\captionmargin@=\dimen133
\captionwidth=\dimen134
\caption@tempdima=\dimen135
\caption@indent=\dimen136
\caption@parindent=\dimen137
\caption@hangindent=\dimen138
)
\c@ContinuedFloat=\count112
)
(/usr/share/texmf/tex/latex/caption/subcaption.sty
Package: subcaption 2013/02/03 v1.1-62 Sub-captions (AR)
\c@subfigure=\count113
\c@subtable=\count114
)
(/usr/share/texmf/tex/latex/hyperref/hyperref.sty
Package: hyperref 2012/11/06 v6.83m Hypertext links for LaTeX

(/usr/share/texmf/tex/generic/oberdiek/hobsub-hyperref.sty
Package: hobsub-hyperref 2012/05/28 v1.13 Bundle oberdiek, subset hyperref (HO)


(/usr/share/texmf/tex/generic/oberdiek/hobsub-generic.sty
Package: hobsub-generic 2012/05/28 v1.13 Bundle oberdiek, subset generic (HO)
Package: hobsub 2012/05/28 v1.13 Construct package bundles (HO)
Package hobsub Info: Skipping package `infwarerr' (already loaded).
Package hobsub Info: Skipping package `ltxcmds' (already loaded).
Package: ifluatex 2010/03/01 v1.3 Provides the ifluatex switch (HO)
Package ifluatex Info: LuaTeX not detected.
Package hobsub Info: Skipping package `ifvtex' (already loaded).
Package: intcalc 2007/09/27 v1.1 Expandable calculations with integers (HO)
Package hobsub Info: Skipping package `ifpdf' (already loaded).
Package: etexcmds 2011/02/16 v1.5 Avoid name clashes with e-TeX commands (HO)
Package etexcmds Info: Could not find \expanded.
(etexcmds)             That can mean that you are not using pdfTeX 1.50 or
(etexcmds)             that some package has redefined \expanded.
(etexcmds)             In the latter case, load this package earlier.
Package: kvsetkeys 2012/04/25 v1.16 Key value parser (HO)
Package: kvdefinekeys 2011/04/07 v1.3 Define keys (HO)
Package: pdftexcmds 2011/11/29 v0.20 Utility functions of pdfTeX for LuaTeX (HO
)
Package pdftexcmds Info: LuaTeX not detected.
Package pdftexcmds Info: \pdf@primitive is available.
Package pdftexcmds Info: \pdf@ifprimitive is available.
Package pdftexcmds Info: \pdfdraftmode found.
Package: pdfescape 2011/11/25 v1.13 Implements pdfTeX's escape features (HO)
Package: bigintcalc 2012/04/08 v1.3 Expandable calculations on big integers (HO
)
Package: bitset 2011/01/30 v1.1 Handle bit-vector datatype (HO)
Package: uniquecounter 2011/01/30 v1.2 Provide unlimited unique counter (HO)
)
Package hobsub Info: Skipping package `hobsub' (already loaded).
Package: letltxmacro 2010/09/02 v1.4 Let assignment for LaTeX macros (HO)
Package: hopatch 2012/05/28 v1.2 Wrapper for package hooks (HO)
Package: xcolor-patch 2011/01/30 xcolor patch
Package: atveryend 2011/06/30 v1.8 Hooks at the very end of document (HO)
Package atveryend Info: \enddocument detected (standard20110627).
Package: atbegshi 2011/10/05 v1.16 At begin shipout hook (HO)
Package: refcount 2011/10/16 v3.4 Data extraction from label references (HO)
Package: hycolor 2011/01/30 v1.7 Color options for hyperref/bookmark (HO)
)
(/usr/share/texmf/tex/latex/oberdiek/auxhook.sty
Package: auxhook 2011/03/04 v1.3 Hooks for auxiliary files (HO)
)
(/usr/share/texmf/tex/latex/oberdiek/kvoptions.sty
Package: kvoptions 2011/06/30 v3.11 Key value format for package options (HO)
)
\@linkdim=\dimen139
\Hy@linkcounter=\count115
\Hy@pagecounter=\count116

(/usr/share/texmf/tex/latex/hyperref/pd1enc.def
File: pd1enc.def 2012/11/06 v6.83m Hyperref: PDFDocEncoding definition (HO)
Now handling font encoding PD1 ...
... no UTF-8 mapping file for font encoding PD1
)
\Hy@SavedSpaceFactor=\count117

(/usr/share/texmf/tex/latex/latexconfig/hyperref.cfg
File: hyperref.cfg 2002/06/06 v1.2 hyperref configuration of TeXLive
)

Package hyperref Warning: Token not allowed in a PDF string (PDFDocEncoding):
(hyperref)                removing `\unhbox' on input line 4319.


Package hyperref Warning: Token not allowed in a PDF string (PDFDocEncoding):
(hyperref)                removing `\voidb@x' on input line 4319.


Package hyperref Warning: Token not allowed in a PDF string (PDFDocEncoding):
(hyperref)                removing `\<let>-command' on input line 4319.


Package hyperref Warning: Token not allowed in a PDF string (PDFDocEncoding):
(hyperref)                removing `\unhbox' on input line 4319.


Package hyperref Warning: Token not allowed in a PDF string (PDFDocEncoding):
(hyperref)                removing `\voidb@x' on input line 4319.


Package hyperref Warning: Token not allowed in a PDF string (PDFDocEncoding):
(hyperref)                removing `\setbox' on input line 4319.


Package hyperref Warning: Token not allowed in a PDF string (PDFDocEncoding):
(hyperref)                removing `\@tempboxa' on input line 4319.


Package hyperref Warning: Token not allowed in a PDF string (PDFDocEncoding):
(hyperref)                removing `\hbox' on input line 4319.


Package hyperref Warning: Token not allowed in a PDF string (PDFDocEncoding):
(hyperref)                removing `\global' on input line 4319.


Package hyperref Warning: Token not allowed in a PDF string (PDFDocEncoding):
(hyperref)                removing `\mathchardef' on input line 4319.


Package hyperref Warning: Token not allowed in a PDF string (PDFDocEncoding):
(hyperref)                removing `\spacefactor' on input line 4319.


Package hyperref Warning: Token not allowed in a PDF string (PDFDocEncoding):
(hyperref)                removing `\accent' on input line 4319.


Package hyperref Warning: Token not allowed in a PDF string (PDFDocEncoding):
(hyperref)                removing `\spacefactor' on input line 4319.

Package hyperref Info: Hyper figures OFF on input line 4443.
Package hyperref Info: Link nesting OFF on input line 4448.
Package hyperref Info: Hyper index ON on input line 4451.
Package hyperref Info: Plain pages OFF on input line 4458.
Package hyperref Info: Backreferencing OFF on input line 4463.
Package hyperref Info: Implicit mode ON; LaTeX internals redefined.
Package hyperref Info: Bookmarks ON on input line 4688.
\c@Hy@tempcnt=\count118
(/usr/share/texmf/tex/latex/url/url.sty
\Urlmuskip=\muskip11
Package: url 2006/04/12  ver 3.3  Verb mode for urls, etc.
)
LaTeX Info: Redefining \url on input line 5041.
\XeTeXLinkMargin=\dimen140
\Fld@menulength=\count119
\Field@Width=\dimen141
\Fld@charsize=\dimen142
Package hyperref Info: Hyper figures OFF on input line 6295.
Package hyperref Info: Link nesting OFF on input line 6300.
Package hyperref Info: Hyper index ON on input line 6303.
Package hyperref Info: backreferencing OFF on input line 6310.
Package hyperref Info: Link coloring OFF on input line 6315.
Package hyperref Info: Link coloring with OCG OFF on input line 6320.
Package hyperref Info: PDF/A mode OFF on input line 6325.
LaTeX Info: Redefining \ref on input line 6365.
LaTeX Info: Redefining \pageref on input line 6369.
\Hy@abspage=\count120
\c@Item=\count121
\c@Hfootnote=\count122
)

Package hyperref Message: Driver: hpdftex.

(/usr/share/texmf/tex/latex/hyperref/hpdftex.def
File: hpdftex.def 2012/11/06 v6.83m Hyperref driver for pdfTeX
\Fld@listcount=\count123
\c@bookmark@seq@number=\count124

(/usr/share/texmf/tex/latex/oberdiek/rerunfilecheck.sty
Package: rerunfilecheck 2011/04/15 v1.7 Rerun checks for auxiliary files (HO)
Package uniquecounter Info: New unique counter `rerunfilecheck' on input line 2
82.
)
\Hy@SectionHShift=\skip53
) (./main.aux
(./Capitulos/Introduction/Introduction.aux) (./Capitulos/StateArt/StateArt.aux)
(./Capitulos/VariableDefinitions/VariableDefinitions.aux)
(./Capitulos/CMS/cms.aux) (./Capitulos/Model/Model.aux)
(./Capitulos/Methodology/Methodology.aux)
(./Capitulos/Event_selection/Event_selection.aux)
(./Capitulos/Analysis/Analysis.aux

LaTeX Warning: Label `Variables_bjets' multiply defined.

) (./Capitulos/Conclusions/Conclusions.aux)
(./Apendices/Neutrinos_calculus/Neutrinos_calculus.aux))
\openout1 = `main.aux'.

LaTeX Font Info:    Checking defaults for OML/cmm/m/it on input line 29.
LaTeX Font Info:    ... okay on input line 29.
LaTeX Font Info:    Checking defaults for T1/cmr/m/n on input line 29.
LaTeX Font Info:    ... okay on input line 29.
LaTeX Font Info:    Checking defaults for OT1/cmr/m/n on input line 29.
LaTeX Font Info:    ... okay on input line 29.
LaTeX Font Info:    Checking defaults for OMS/cmsy/m/n on input line 29.
LaTeX Font Info:    ... okay on input line 29.
LaTeX Font Info:    Checking defaults for OMX/cmex/m/n on input line 29.
LaTeX Font Info:    ... okay on input line 29.
LaTeX Font Info:    Checking defaults for U/cmr/m/n on input line 29.
LaTeX Font Info:    ... okay on input line 29.
LaTeX Font Info:    Checking defaults for PD1/pdf/m/n on input line 29.
LaTeX Font Info:    ... okay on input line 29.

*geometry* driver: auto-detecting
*geometry* detected driver: pdftex
*geometry* verbose mode - [ preamble ] result:
* driver: pdftex
* paper: custom
* layout: <same size as paper>
* layoutoffset:(h,v)=(0.0pt,0.0pt)
* modes: 
* h-part:(L,W,R)=(72.55527pt, 340.00969pt, 71.13188pt)
* v-part:(T,H,B)=(76.82321pt, 492.2319pt, 71.13188pt)
* \paperwidth=483.69684pt
* \paperheight=640.187pt
* \textwidth=340.00969pt
* \textheight=492.2319pt
* \oddsidemargin=0.28528pt
* \evensidemargin=0.28528pt
* \topmargin=-27.32057pt
* \headheight=12.0pt
* \headsep=19.8738pt
* \topskip=11.0pt
* \footskip=27.46295pt
* \marginparwidth=62.0pt
* \marginparsep=7.0pt
* \columnsep=10.0pt
* \skip\footins=10.0pt plus 4.0pt minus 2.0pt
* \hoffset=0.0pt
* \voffset=0.0pt
* \mag=1000
* \@twocolumnfalse
* \@twosidefalse
* \@mparswitchfalse
* \@reversemarginfalse
* (1in=72.27pt=25.4mm, 1cm=28.453pt)

(/usr/share/texmf/tex/context/base/supp-pdf.mkii
[Loading MPS to PDF converter (version 2006.09.02).]
\scratchcounter=\count125
\scratchdimen=\dimen143
\scratchbox=\box28
\nofMPsegments=\count126
\nofMParguments=\count127
\everyMPshowfont=\toks31
\MPscratchCnt=\count128
\MPscratchDim=\dimen144
\MPnumerator=\count129
\makeMPintoPDFobject=\count130
\everyMPtoPDFconversion=\toks32
) (/usr/share/texmf/tex/latex/oberdiek/epstopdf-base.sty
Package: epstopdf-base 2010/02/09 v2.5 Base part for package epstopdf

(/usr/share/texmf/tex/latex/oberdiek/grfext.sty
Package: grfext 2010/08/19 v1.1 Manage graphics extensions (HO)
)
Package grfext Info: Graphics extension search list:
(grfext)             [.png,.pdf,.jpg,.mps,.jpeg,.jbig2,.jb2,.PNG,.PDF,.JPG,.JPE
G,.JBIG2,.JB2,.eps]
(grfext)             \AppendGraphicsExtensions on input line 452.

(/usr/share/texmf/tex/latex/latexconfig/epstopdf-sys.cfg
File: epstopdf-sys.cfg 2010/07/13 v1.3 Configuration of (r)epstopdf for TeX Liv
e
))
Package caption Info: Begin \AtBeginDocument code.
Package caption Info: hyperref package is loaded.
Package caption Info: End \AtBeginDocument code.
\AtBeginShipoutBox=\box29
Package hyperref Info: Link coloring OFF on input line 29.

(/usr/share/texmf/tex/latex/hyperref/nameref.sty
Package: nameref 2012/10/27 v2.43 Cross-referencing by name of section

(/usr/share/texmf/tex/generic/oberdiek/gettitlestring.sty
Package: gettitlestring 2010/12/03 v1.4 Cleanup title references (HO)
)
\c@section@level=\count131
)
LaTeX Info: Redefining \ref on input line 29.
LaTeX Info: Redefining \pageref on input line 29.
LaTeX Info: Redefining \nameref on input line 29.
 (./main.out)
(./main.out)
\@outlinefile=\write3
\openout3 = `main.out'.

 <logo_uniandes.png, id=152, 544.0325pt x 311.1625pt>
File: logo_uniandes.png Graphic file (type png)

<use logo_uniandes.png>
Package pdftex.def Info: logo_uniandes.png used on input line 71.
(pdftex.def)             Requested size: 217.60915pt x 124.46278pt.


LaTeX Font Warning: Font shape `OT1/cmr/bx/sc' undefined
(Font)              using `OT1/cmr/bx/n' instead on input line 77.

[1


{/usr/share/texmf/fonts/map/pdftex/updmap/pdftex.map} <./logo_uniandes.png>]
(./main.toc
LaTeX Font Info:    Try loading font information for U+msa on input line 4.
 (/usr/share/texmf/tex/latex/amsfonts/umsa.fd
File: umsa.fd 2013/01/14 v3.01 AMS symbols A
)
LaTeX Font Info:    Try loading font information for U+msb on input line 4.

(/usr/share/texmf/tex/latex/amsfonts/umsb.fd
File: umsb.fd 2013/01/14 v3.01 AMS symbols B
)pdfTeX warning (ext4): destination with the same identifier (name{page.1}) has
 been already used, duplicate ignored
<to be read again> 
                   \relax 
l.26 ...1}W+Jets Background}{28}{subsection.5.2.1}
                                                   [1

])
\tf@toc=\write4
\openout4 = `main.toc'.

 [2] (./main.lof)
\tf@lof=\write5
\openout5 = `main.lof'.


[3

]
\openout2 = `Capitulos/Introduction/Introduction.aux'.

 (./Capitulos/Introduction/Introduction.tex
Chapter 1.
pdfTeX warning (ext4): destination with the same identifier (name{page.1}) has 
been already used, duplicate ignored
<to be read again> 
                   \relax 
l.7 
     [1



]

LaTeX Warning: Citation `Seesaw Mechanism with displace vertices' on page 2 und
efined on input line 8.

pdfTeX warning (ext4): destination with the same identifier (name{page.2}) has 
been already used, duplicate ignored
<to be read again> 
                   \relax 
l.14 \begin{equation}
                      [2])pdfTeX warning (ext4): destination with the same iden
tifier (name{page.3}) has been already used, duplicate ignored
<to be read again> 
                   \relax 
l.204 ...lude{Capitulos/Introduction/Introduction}
                                                   [3]
\openout2 = `Capitulos/StateArt/StateArt.aux'.


(./Capitulos/StateArt/StateArt.tex
Chapter 2.
[4



]
<./Capitulos/StateArt/standard_model.png, id=301, 376.40625pt x 283.0575pt>
File: ./Capitulos/StateArt/standard_model.png Graphic file (type png)

<use ./Capitulos/StateArt/standard_model.png>
Package pdftex.def Info: ./Capitulos/StateArt/standard_model.png used on input 
line 15.
(pdftex.def)             Requested size: 136.00179pt x 102.27637pt.
 [5 <./Capitulos/StateArt/standard_model.png>] [6] [7]
Underfull \hbox (badness 10000) in paragraph at lines 93--101

 []


LaTeX Warning: Reference `appendix_charge_conjugation' on page 8 undefined on i
nput line 106.

[8] [9] [10]) [11]
\openout2 = `Capitulos/VariableDefinitions/VariableDefinitions.aux'.

 (./Capitulos/VariableDefinitions/VariableDefinitions.tex
Chapter 3.

Underfull \hbox (badness 10000) in paragraph at lines 5--11

 []


Underfull \hbox (badness 10000) in paragraph at lines 12--16

 []

[12



]
<./Capitulos/VariableDefinitions/jets_definitions.png, id=402, 1111.15125pt x 4
10.53375pt>
File: ./Capitulos/VariableDefinitions/jets_definitions.png Graphic file (type p
ng)
 <use ./Capitulos/VariableDefinitions/jets_definitions.png>
Package pdftex.def Info: ./Capitulos/VariableDefinitions/jets_definitions.png u
sed on input line 28.
(pdftex.def)             Requested size: 255.00726pt x 94.21405pt.

Overfull \hbox (39.63655pt too wide) has occurred while \output is active
\OT1/cmr/m/sl/10.95 CHAPTER 3.  IMPORTANT CONCEPTS AND VARIABLE DEFINITIONS \OT
1/cmr/m/n/10.95 13
 []

[13 <./Capitulos/VariableDefinitions/jets_definitions.png>]
<./Capitulos/VariableDefinitions/CMS_coordinates.png, id=414, 504.88625pt x 241
.90375pt>
File: ./Capitulos/VariableDefinitions/CMS_coordinates.png Graphic file (type pn
g)
 <use ./Capitulos/VariableDefinitions/CMS_coordinates.png>
Package pdftex.def Info: ./Capitulos/VariableDefinitions/CMS_coordinates.png us
ed on input line 63.
(pdftex.def)             Requested size: 255.00726pt x 122.18073pt.


LaTeX Warning: `h' float specifier changed to `ht'.


Overfull \hbox (39.63655pt too wide) has occurred while \output is active
\OT1/cmr/m/sl/10.95 CHAPTER 3.  IMPORTANT CONCEPTS AND VARIABLE DEFINITIONS \OT
1/cmr/m/n/10.95 14
 []

[14]

Package hyperref Warning: Token not allowed in a PDF string (PDFDocEncoding):
(hyperref)                removing `math shift' on input line 80.


Package hyperref Warning: Token not allowed in a PDF string (PDFDocEncoding):
(hyperref)                removing `subscript' on input line 80.


Package hyperref Warning: Token not allowed in a PDF string (PDFDocEncoding):
(hyperref)                removing `math shift' on input line 80.


Package hyperref Warning: Token not allowed in a PDF string (PDFDocEncoding):
(hyperref)                removing `math shift' on input line 80.


Package hyperref Warning: Token not allowed in a PDF string (PDFDocEncoding):
(hyperref)                removing `math shift' on input line 80.


Underfull \hbox (badness 10000) in paragraph at lines 82--84

 []


Overfull \hbox (39.63655pt too wide) has occurred while \output is active
\OT1/cmr/m/sl/10.95 CHAPTER 3.  IMPORTANT CONCEPTS AND VARIABLE DEFINITIONS \OT
1/cmr/m/n/10.95 15
 []

[15 <./Capitulos/VariableDefinitions/CMS_coordinates.png (PNG copy)>]
<./Capitulos/VariableDefinitions/Displaced_vertex.png, id=434, 225.84375pt x 15
5.58125pt>
File: ./Capitulos/VariableDefinitions/Displaced_vertex.png Graphic file (type p
ng)
 <use ./Capitulos/VariableDefinitions/Displaced_vertex.png>
Package pdftex.def Info: ./Capitulos/VariableDefinitions/Displaced_vertex.png u
sed on input line 114.
(pdftex.def)             Requested size: 136.00179pt x 93.69606pt.

Overfull \hbox (39.63655pt too wide) has occurred while \output is active
\OT1/cmr/m/sl/10.95 CHAPTER 3.  IMPORTANT CONCEPTS AND VARIABLE DEFINITIONS \OT
1/cmr/m/n/10.95 16
 []

[16 <./Capitulos/VariableDefinitions/Displaced_vertex.png>]
<./Capitulos/VariableDefinitions/impactParameter.png, id=443, 842.14626pt x 562
.1pt>
File: ./Capitulos/VariableDefinitions/impactParameter.png Graphic file (type pn
g)
 <use ./Capitulos/VariableDefinitions/impactParameter.png>
Package pdftex.def Info: ./Capitulos/VariableDefinitions/impactParameter.png us
ed on input line 124.
(pdftex.def)             Requested size: 238.00574pt x 158.85358pt.
)
Overfull \hbox (39.63655pt too wide) has occurred while \output is active
\OT1/cmr/m/sl/10.95 CHAPTER 3.  IMPORTANT CONCEPTS AND VARIABLE DEFINITIONS \OT
1/cmr/m/n/10.95 17
 []

[17 <./Capitulos/VariableDefinitions/impactParameter.png>]
\openout2 = `Capitulos/CMS/cms.aux'.


(./Capitulos/CMS/cms.tex
Chapter 4.
[18



] <./Capitulos/CMS/CMS.png, id=456, 602.25pt x 307.1475pt>
File: ./Capitulos/CMS/CMS.png Graphic file (type png)

<use ./Capitulos/CMS/CMS.png>
Package pdftex.def Info: ./Capitulos/CMS/CMS.png used on input line 24.
(pdftex.def)             Requested size: 306.00664pt x 156.06668pt.
 [19 <./Capitulos/CMS/CMS.png>] [20]
Overfull \hbox (11.27281pt too wide) in paragraph at lines 56--57
\OT1/cmr/m/n/10.95 The elec-tro-mag-netic calorime-ter is an en-tirely ac-tive 
ho-mo-geneus calorime-
 []

[21]
Overfull \hbox (10.36035pt too wide) in paragraph at lines 62--63
\OT1/cmr/m/n/10.95 Surrouding the elec-tro-mag-netic calorime-ter is lo-cated t
he hadron calorime-
 []

[22] [23] [24]) [25]
\openout2 = `Capitulos/Model/Model.aux'.

 (./Capitulos/Model/Model.tex
Chapter 5.

LaTeX Warning: Citation `Seesaw Mechanism with displace vertices' on page 26 un
defined on input line 19.

[26



]

LaTeX Warning: Citation `Seesaw Mechanism with displace vertices' on page 27 un
defined on input line 22.

<./Capitulos/Model/hadron_signal.png, id=514, 274.77657pt x 193.47281pt>
File: ./Capitulos/Model/hadron_signal.png Graphic file (type png)

<use ./Capitulos/Model/hadron_signal.png>
Package pdftex.def Info: ./Capitulos/Model/hadron_signal.png used on input line
 38.
(pdftex.def)             Requested size: 170.00484pt x 119.70392pt.

<./Capitulos/Model/leptonic_signal.png, id=515, 456.20438pt x 339.51843pt>
File: ./Capitulos/Model/leptonic_signal.png Graphic file (type png)

<use ./Capitulos/Model/leptonic_signal.png>
Package pdftex.def Info: ./Capitulos/Model/leptonic_signal.png used on input li
ne 44.
(pdftex.def)             Requested size: 170.00484pt x 126.52127pt.


LaTeX Warning: `h' float specifier changed to `ht'.

[27] [28 <./Capitulos/Model/hadron_signal.png> <./Capitulos/Model/leptonic_sign
al.png>] <./Capitulos/Model/w+jets.png, id=529, 185.19188pt x 217.5628pt>
File: ./Capitulos/Model/w+jets.png Graphic file (type png)

<use ./Capitulos/Model/w+jets.png>
Package pdftex.def Info: ./Capitulos/Model/w+jets.png used on input line 80.
(pdftex.def)             Requested size: 136.00179pt x 159.7756pt.
 [29 <./Capitulos/Model/w+jets.png>]
<./Capitulos/Model/DY+jets.png, id=535, 229.60782pt x 206.27063pt>
File: ./Capitulos/Model/DY+jets.png Graphic file (type png)

<use ./Capitulos/Model/DY+jets.png>
Package pdftex.def Info: ./Capitulos/Model/DY+jets.png used on input line 95.
(pdftex.def)             Requested size: 136.00179pt x 122.1833pt.


Package hyperref Warning: Token not allowed in a PDF string (PDFDocEncoding):
(hyperref)                removing `math shift' on input line 99.


Package hyperref Warning: Token not allowed in a PDF string (PDFDocEncoding):
(hyperref)                removing `\@@overline' on input line 99.


Package hyperref Warning: Token not allowed in a PDF string (PDFDocEncoding):
(hyperref)                removing `math shift' on input line 99.

<./Capitulos/Model/t_tbar.png, id=537, 1003.75pt x 834.11626pt>
File: ./Capitulos/Model/t_tbar.png Graphic file (type png)

<use ./Capitulos/Model/t_tbar.png>
Package pdftex.def Info: ./Capitulos/Model/t_tbar.png used on input line 111.
(pdftex.def)             Requested size: 136.00179pt x 113.00812pt.


LaTeX Warning: `h' float specifier changed to `ht'.

) [30 <./Capitulos/Model/DY+jets.png>] [31 <./Capitulos/Model/t_tbar.png (PNG c
opy)>]
\openout2 = `Capitulos/Methodology/Methodology.aux'.

 (./Capitulos/Methodology/Methodology.tex
Chapter 6.
[32



] [33] [34]) [35]
\openout2 = `Capitulos/Event_selection/Event_selection.aux'.

 (./Capitulos/Event_selection/Event_selection.tex
Chapter 7.
[36



] [37]
LaTeX Font Info:    Try loading font information for OML+cmr on input line 50.
 (/usr/share/texmf/tex/latex/base/omlcmr.fd
File: omlcmr.fd 1999/05/25 v2.5h Standard LaTeX font definitions
)
LaTeX Font Info:    Font shape `OML/cmr/m/n' in size <10.95> not available
(Font)              Font shape `OML/cmm/m/it' tried instead on input line 50.
) [38]
\openout2 = `Capitulos/Analysis/Analysis.aux'.


(./Capitulos/Analysis/Analysis.tex
Chapter 8.
[39



]
<./Capitulos/Analysis/AfterBJets/MET_MET_20.pdf, id=598, 569.12625pt x 659.4637
5pt>
File: ./Capitulos/Analysis/AfterBJets/MET_MET_20.pdf Graphic file (type pdf)
 <use ./Capitulos/Analysis/AfterBJets/MET_MET_20.pdf>
Package pdftex.def Info: ./Capitulos/Analysis/AfterBJets/MET_MET_20.pdf used on
 input line 22.
(pdftex.def)             Requested size: 272.00879pt x 315.20067pt.
 [40 <./Capitulos/Analysis/AfterBJets/MET_MET_20.pdf>]
<./Capitulos/Analysis/AfterBJets/HT_MET_20.pdf, id=649, 569.12625pt x 659.46375
pt>
File: ./Capitulos/Analysis/AfterBJets/HT_MET_20.pdf Graphic file (type pdf)
 <use ./Capitulos/Analysis/AfterBJets/HT_MET_20.pdf>
Package pdftex.def Info: ./Capitulos/Analysis/AfterBJets/HT_MET_20.pdf used on 
input line 35.
(pdftex.def)             Requested size: 187.00635pt x 216.68788pt.

Overfull \hbox (17.00151pt too wide) in paragraph at lines 35--36
 [][] 
 []


<./Capitulos/Analysis/AfterBJets/mjj_MET_20.pdf, id=650, 569.12625pt x 659.4637
5pt>
File: ./Capitulos/Analysis/AfterBJets/mjj_MET_20.pdf Graphic file (type pdf)
 <use ./Capitulos/Analysis/AfterBJets/mjj_MET_20.pdf>
Package pdftex.def Info: ./Capitulos/Analysis/AfterBJets/mjj_MET_20.pdf used on
 input line 41.
(pdftex.def)             Requested size: 187.00635pt x 216.68788pt.

Overfull \hbox (17.00151pt too wide) in paragraph at lines 41--42
 [][] 
 []


<./Capitulos/Analysis/AfterBJets/TauPt_MET_20.pdf, id=651, 569.12625pt x 659.46
375pt>
File: ./Capitulos/Analysis/AfterBJets/TauPt_MET_20.pdf Graphic file (type pdf)
 <use ./Capitulos/Analysis/AfterBJets/TauPt_MET_20.pdf>
Package pdftex.def Info: ./Capitulos/Analysis/AfterBJets/TauPt_MET_20.pdf used 
on input line 47.
(pdftex.def)             Requested size: 187.00635pt x 216.68788pt.

Overfull \hbox (17.00151pt too wide) in paragraph at lines 47--48
 [][] 
 []


LaTeX Warning: Float too large for page by 39.34386pt on input line 53.


LaTeX Warning: `h' float specifier changed to `ht'.


<./Capitulos/Analysis/AfterVBFCUTS/HT_MET_20.pdf, id=656, 569.12625pt x 659.463
75pt>
File: ./Capitulos/Analysis/AfterVBFCUTS/HT_MET_20.pdf Graphic file (type pdf)
 <use ./Capitulos/Analysis/AfterVBFCUTS/HT_MET_20.pdf>
Package pdftex.def Info: ./Capitulos/Analysis/AfterVBFCUTS/HT_MET_20.pdf used o
n input line 63.
(pdftex.def)             Requested size: 187.00635pt x 216.68788pt.

Overfull \hbox (17.00151pt too wide) in paragraph at lines 63--64
 [][] 
 []


<./Capitulos/Analysis/AfterVBFCUTS/mjj_MET_20.pdf, id=657, 569.12625pt x 659.46
375pt>
File: ./Capitulos/Analysis/AfterVBFCUTS/mjj_MET_20.pdf Graphic file (type pdf)
 <use ./Capitulos/Analysis/AfterVBFCUTS/mjj_MET_20.pdf>
Package pdftex.def Info: ./Capitulos/Analysis/AfterVBFCUTS/mjj_MET_20.pdf used 
on input line 69.
(pdftex.def)             Requested size: 187.00635pt x 216.68788pt.

Overfull \hbox (17.00151pt too wide) in paragraph at lines 69--70
 [][] 
 []


<./Capitulos/Analysis/AfterVBFCUTS/TauPt_MET20.pdf, id=658, 569.12625pt x 659.4
6375pt>
File: ./Capitulos/Analysis/AfterVBFCUTS/TauPt_MET20.pdf Graphic file (type pdf)

 <use ./Capitulos/Analysis/AfterVBFCUTS/TauPt_MET20.pdf>
Package pdftex.def Info: ./Capitulos/Analysis/AfterVBFCUTS/TauPt_MET20.pdf used
 on input line 75.
(pdftex.def)             Requested size: 187.00635pt x 216.68788pt.

Overfull \hbox (17.00151pt too wide) in paragraph at lines 75--76
 [][] 
 []


LaTeX Warning: Float too large for page by 25.74385pt on input line 81.


LaTeX Warning: `h' float specifier changed to `ht'.

<./Capitulos/Analysis/c1.pdf, id=660, 569.12625pt x 258.9675pt>
File: ./Capitulos/Analysis/c1.pdf Graphic file (type pdf)

<use ./Capitulos/Analysis/c1.pdf>
Package pdftex.def Info: ./Capitulos/Analysis/c1.pdf used on input line 98.
(pdftex.def)             Requested size: 272.00879pt x 123.77742pt.


LaTeX Warning: `h' float specifier changed to `ht'.

) [41] [42 <./Capitulos/Analysis/AfterBJets/HT_MET_20.pdf> <./Capitulos/Analysi
s/AfterBJets/mjj_MET_20.pdf> <./Capitulos/Analysis/AfterBJets/TauPt_MET_20.pdf>
] [43 <./Capitulos/Analysis/AfterVBFCUTS/HT_MET_20.pdf> <./Capitulos/Analysis/A
fterVBFCUTS/mjj_MET_20.pdf> <./Capitulos/Analysis/AfterVBFCUTS/TauPt_MET20.pdf>
] [44 <./Capitulos/Analysis/c1.pdf, page is rotated 90 degrees>]
\openout2 = `Capitulos/Conclusions/Conclusions.aux'.


(./Capitulos/Conclusions/Conclusions.tex
Chapter 9.
) [45



]
\openout2 = `Apendices/Neutrinos_calculus/Neutrinos_calculus.aux'.

 (./Apendices/Neutrinos_calculus/Neutrinos_calculus.tex
Appendix A.

Package hyperref Warning: Difference (2) between bookmark levels is greater 
(hyperref)                than one, level fixed on input line 12.

[46



] [47] [48]
Underfull \hbox (badness 10000) in paragraph at lines 125--127

 []

) [49]
Underfull \hbox (badness 1490) in paragraph at lines 254--255
[]\OT1/cmr/m/n/10.95 Balantekin, A. & Hax-ton, W. (2013). Neu-trino os-cil-la-t
ions.
 []


Underfull \hbox (badness 6510) in paragraph at lines 254--255
\OT1/cmr/m/n/10.95 Progress In Par-ti-cle And Nu-clear Physics, 71, 150-161.
 []


Underfull \hbox (badness 1365) in paragraph at lines 260--261
\OT1/cmr/m/n/10.95 LEP II. The Eu-ro-pean Phys-i-cal Jour-nal C, 22(2), 277-281
.
 []


Underfull \hbox (badness 10000) in paragraph at lines 262--263
[]\OT1/cmr/m/n/10.95 Gluza, J., Jelin-sky, T. (2015). Heavy neu-tri-
 []


Underfull \hbox (badness 10000) in paragraph at lines 262--263
\OT1/cmr/m/n/10.95 nos and the pp-> lljj CMS data. Re-trieved from
 []


Overfull \hbox (16.96072pt too wide) in paragraph at lines 262--263
\OT1/cmr/m/n/10.95 http://www.sciencedirect.com/science/article/pii/S0370269315
005080 
 []

[50


]
Underfull \hbox (badness 5147) in paragraph at lines 266--267
[]\OT1/cmr/m/n/10.95 Gago, A., Hern^^Sandez, P., Jones-Per^^Sez, J., Losada, M.
,
 []


Underfull \hbox (badness 4792) in paragraph at lines 266--267
\OT1/cmr/m/n/10.95 Moreno, A. (2015). Prob-ing the Type I See-saw Mech-a-
 []


Underfull \hbox (badness 2293) in paragraph at lines 266--267
\OT1/cmr/m/n/10.95 nism with Dis-placed Ver-tices at the LHC. Re-trieved from
 []


Underfull \hbox (badness 10000) in paragraph at lines 268--269
[]\OT1/cmr/m/n/10.95 Molinaro, E. (2013). Type I See-saw Mech-a-nism, Lep-
 []


Underfull \hbox (badness 4886) in paragraph at lines 268--269
\OT1/cmr/m/n/10.95 ton Flavour Vi-o-la-tion and Higgs De-cays. Re-trieved from
 []


Underfull \hbox (badness 1571) in paragraph at lines 272--273
[]\OT1/cmr/m/n/10.95 Kirschenmann, H. (2017). Sketch of pp-collision and re-sul
t-
 []


Underfull \hbox (badness 5607) in paragraph at lines 272--273
\OT1/cmr/m/n/10.95 ing col-li-mated spray of par-ti-cles, a jet. Re-trieved fro
m
 []


Underfull \hbox (badness 10000) in paragraph at lines 278--279
[]\OT1/cmr/m/n/10.95 Schott, M. (2017). Il-lus-tra-tion of the AT-LAS
 []


Underfull \hbox (badness 10000) in paragraph at lines 278--279
\OT1/cmr/m/n/10.95 and CMS co-or-di-nate sys-tem. Re-trieved from
 []


Underfull \hbox (badness 3168) in paragraph at lines 282--283
[]\OT1/cmr/m/n/10.95 DORNEY, B. (2017). Vi-su-al-iza-tion of the Im-pact Pa-ram
-
 []


Underfull \hbox (badness 3930) in paragraph at lines 282--283
\OT1/cmr/m/n/10.95 e-ter (IP, red line) of a track (Im-age cour-tesy of Jean-
 []


Underfull \hbox (badness 2126) in paragraph at lines 282--283
\OT1/cmr/m/n/10.95 Roch Vli-mant, of the CMS Col-lab-o-ra-tion). Re-trieved fro
m
 []


Underfull \hbox (badness 10000) in paragraph at lines 282--283
\OT1/cmr/m/n/10.95 http://www.quantumdiaries.org/2011/06/10/to-b-or-not-to-bbar
-
 []

[51]
Underfull \hbox (badness 10000) in paragraph at lines 284--285
[]\OT1/cmr/m/n/10.95 CMS. (2011). De-tec-tor overview. Re-trieved from
 []


Underfull \hbox (badness 10000) in paragraph at lines 290--291
[]\OT1/cmr/m/n/10.95 Cathode Strip Cham-bers | CMS Ex-per-i-ment. (2017).
 []


Underfull \hbox (badness 10000) in paragraph at lines 290--291
\OT1/cmr/m/n/10.95 Cms.web.cern.ch. Re-trieved 17 May 2017, from
 []


Underfull \hbox (badness 10000) in paragraph at lines 292--293
[]\OT1/cmr/m/n/10.95 Resistive Plate Cham-bers | CMS Ex-per-i-ment.
 []


Underfull \hbox (badness 10000) in paragraph at lines 292--293
\OT1/cmr/m/n/10.95 (2017). Cms.web.cern.ch. Re-trieved 17 May 2017, from
 []


Underfull \hbox (badness 10000) in paragraph at lines 294--295
[]\OT1/cmr/m/n/10.95 LHC col-li-sions. (2017). Lhc-machine-outreach.web.cern.ch
.
 []


Underfull \hbox (badness 10000) in paragraph at lines 294--295
\OT1/cmr/m/n/10.95 Re-trieved 17 May 2017, from https://lhc-machine-
 []


Underfull \hbox (badness 2846) in paragraph at lines 302--303
[]\OT1/cmr/m/n/10.95 Sj^^?ostrand, T., Ask, S., Chris-tiansen, J., Corke, R., D
e-
 []


Underfull \hbox (badness 4582) in paragraph at lines 302--303
\OT1/cmr/m/n/10.95 sai, N., & Il-ten, P. et al. (2015). An in-tro-duc-tion to
 []

[52]
Underfull \hbox (badness 1675) in paragraph at lines 304--305
[]\OT1/cmr/m/n/10.95 de Favereau, J., De-laere, C., Demin, P., Gi-ammanco, A.,
 []


Underfull \hbox (badness 1424) in paragraph at lines 304--305
\OT1/cmr/m/n/10.95 lider ex-per-i-ment. Jour-nal Of High En-ergy Physics, 2014(
2).
 []


Underfull \hbox (badness 1052) in paragraph at lines 306--307
\OT1/cmr/m/n/10.95 R., & Bun-cic, N. et al. (2009). ROOT | A C++ frame-
 []

Package atveryend Info: Empty hook `BeforeClearDocument' on input line 311.
[53]
Package atveryend Info: Empty hook `AfterLastShipout' on input line 311.
 (./main.aux (./Capitulos/Introduction/Introduction.aux)
(./Capitulos/StateArt/StateArt.aux)
(./Capitulos/VariableDefinitions/VariableDefinitions.aux)
(./Capitulos/CMS/cms.aux) (./Capitulos/Model/Model.aux)
(./Capitulos/Methodology/Methodology.aux)
(./Capitulos/Event_selection/Event_selection.aux)
(./Capitulos/Analysis/Analysis.aux) (./Capitulos/Conclusions/Conclusions.aux)
(./Apendices/Neutrinos_calculus/Neutrinos_calculus.aux))
Package atveryend Info: Executing hook `AtVeryEndDocument' on input line 311.
Package atveryend Info: Executing hook `AtEndAfterFileList' on input line 311.
Package rerunfilecheck Info: File `main.out' has not changed.
(rerunfilecheck)             Checksum: 1FA776C64C3417C15B8DECCDBECC2BC0;2298.


LaTeX Font Warning: Some font shapes were not available, defaults substituted.


LaTeX Warning: There were undefined references.


LaTeX Warning: There were multiply-defined labels.

Package atveryend Info: Empty hook `AtVeryVeryEnd' on input line 311.
 ) 
Here is how much of TeX's memory you used:
 9284 strings out of 493315
 139878 string characters out of 6145893
 246440 words of memory out of 5000000
 12309 multiletter control sequences out of 15000+600000
 18313 words of font info for 70 fonts, out of 8000000 for 9000
 957 hyphenation exceptions out of 8191
 36i,19n,42p,2127b,474s stack positions out of 5000i,500n,10000p,200000b,80000s
</usr/share/texmf/fonts/type1/public/amsfonts/cm/cmbx10.pfb></usr/share/texmf
/fonts/type1/public/amsfonts/cm/cmbx12.pfb></usr/share/texmf/fonts/type1/public
/amsfonts/cm/cmcsc10.pfb></usr/share/texmf/fonts/type1/public/amsfonts/cm/cmex1
0.pfb></usr/share/texmf/fonts/type1/public/amsfonts/cm/cmmi10.pfb></usr/share/t
exmf/fonts/type1/public/amsfonts/cm/cmmi12.pfb></usr/share/texmf/fonts/type1/pu
blic/amsfonts/cm/cmmi7.pfb></usr/share/texmf/fonts/type1/public/amsfonts/cm/cmm
i8.pfb></usr/share/texmf/fonts/type1/public/amsfonts/cm/cmr10.pfb></usr/share/t
exmf/fonts/type1/public/amsfonts/cm/cmr6.pfb></usr/share/texmf/fonts/type1/publ
ic/amsfonts/cm/cmr8.pfb></usr/share/texmf/fonts/type1/public/amsfonts/cm/cmr9.p
fb></usr/share/texmf/fonts/type1/public/amsfonts/cm/cmsl10.pfb></usr/share/texm
f/fonts/type1/public/amsfonts/cm/cmsy10.pfb></usr/share/texmf/fonts/type1/publi
c/amsfonts/cm/cmsy8.pfb></usr/share/texmf/fonts/type1/public/amsfonts/symbols/m
sam10.pfb>
Output written on main.pdf (57 pages, 1218487 bytes).
PDF statistics:
 1132 PDF objects out of 1200 (max. 8388607)
 819 compressed objects within 9 object streams
 188 named destinations out of 1000 (max. 500000)
 397 words of extra memory for PDF output out of 10000 (max. 10000000)

